#
# There is insufficient memory for the Java Runtime Environment to continue.
# Native memory allocation (mmap) failed to map 65536 bytes for Failed to commit metaspace.
# Possible reasons:
#   The system is out of physical RAM or swap space
#   The process is running with CompressedOops enabled, and the Java Heap may be blocking the growth of the native heap
# Possible solutions:
#   Reduce memory load on the system
#   Increase physical memory or swap space
#   Check if swap backing store is full
#   Decrease Java heap size (-Xmx/-Xms)
#   Decrease number of Java threads
#   Decrease Java thread stack sizes (-Xss)
#   Set larger code cache with -XX:ReservedCodeCacheSize=
#   JVM is running with Zero Based Compressed Oops mode in which the Java heap is
#     placed in the first 32GB address space. The Java Heap base address is the
#     maximum limit for the native heap growth. Please use -XX:HeapBaseMinAddress
#     to set the Java Heap base and to place the Java Heap above 32GB virtual address.
# This output file may be truncated or incomplete.
#
#  Out of Memory Error (virtualSpaceNode.cpp:112), pid=33140, tid=31964
#
# JRE version: Java(TM) SE Runtime Environment (21.0.1+12) (build 21.0.1+12-LTS-29)
# Java VM: Java HotSpot(TM) 64-Bit Server VM (21.0.1+12-LTS-29, mixed mode, emulated-client, sharing, tiered, compressed oops, compressed class ptrs, g1 gc, windows-amd64)
# No core dump will be written. Minidumps are not enabled by default on client versions of Windows
#

---------------  S U M M A R Y ------------

Command Line: -agentlib:jdwp=transport=dt_socket,address=127.0.0.1:11536,suspend=y,server=n -XX:TieredStopAtLevel=1 -Dspring.output.ansi.enabled=always -Dcom.sun.management.jmxremote -Dspring.jmx.enabled=true -Dspring.liveBeansView.mbeanDomain -Dspring.application.admin.enabled=true -Dmanagement.endpoints.jmx.exposure.include=* -javaagent:C:\Users\kenny\AppData\Local\JetBrains\IntelliJIdea2023.3\captureAgent\debugger-agent.jar=file:/C:/Users/kenny/AppData/Local/Temp/capture.props -Dfile.encoding=UTF-8 -Dsun.stdout.encoding=UTF-8 -Dsun.stderr.encoding=UTF-8 com.example.configure.ConfigureApplication

Host: AMD Ryzen 7 4800H with Radeon Graphics         , 16 cores, 15G,  Windows 11 , 64 bit Build 22621 (10.0.22621.3235)
Time: Sun Apr  7 16:33:54 2024  Windows 11 , 64 bit Build 22621 (10.0.22621.3235) elapsed time: 1.494761 seconds (0d 0h 0m 1s)

---------------  T H R E A D  ---------------

Current thread (0x00000212b1273510):  JavaThread "main"             [_thread_in_vm, id=31964, stack(0x0000009a22300000,0x0000009a22400000) (1024K)]

Stack: [0x0000009a22300000,0x0000009a22400000]
Native frames: (J=compiled Java code, j=interpreted, Vv=VM code, C=native code)
V  [jvm.dll+0x6c9029]
V  [jvm.dll+0x854b81]
V  [jvm.dll+0x856e5e]
V  [jvm.dll+0x857543]
V  [jvm.dll+0x280c06]
V  [jvm.dll+0x8508ae]
V  [jvm.dll+0x66ca45]
V  [jvm.dll+0x1e677c]
V  [jvm.dll+0x1e654e]
V  [jvm.dll+0x66f35c]
V  [jvm.dll+0x66f172]
V  [jvm.dll+0x66d41e]
V  [jvm.dll+0x27db26]
V  [jvm.dll+0x71e545]
V  [jvm.dll+0x71f08f]
V  [jvm.dll+0x3c297f]
V  [jvm.dll+0x3c27f7]
V  [jvm.dll+0x3c1a27]
V  [jvm.dll+0x3c19c8]
V  [jvm.dll+0x3d373a]
C  0x00000212b96d401f

The last pc belongs to new (printed below).
Java frames: (J=compiled Java code, j=interpreted, Vv=VM code)
j  org.springframework.boot.DefaultBootstrapContext.<init>()V+27
j  org.springframework.boot.SpringApplication.createBootstrapContext()Lorg/springframework/boot/DefaultBootstrapContext;+4
j  org.springframework.boot.SpringApplication.run([Ljava/lang/String;)Lorg/springframework/context/ConfigurableApplicationContext;+18
j  org.springframework.boot.SpringApplication.run([Ljava/lang/Class;[Ljava/lang/String;)Lorg/springframework/context/ConfigurableApplicationContext;+9
j  org.springframework.boot.SpringApplication.run(Ljava/lang/Class;[Ljava/lang/String;)Lorg/springframework/context/ConfigurableApplicationContext;+9
j  com.example.configure.ConfigureApplication.main([Ljava/lang/String;)V+3
v  ~StubRoutines::call_stub 0x00000212b96b100d
new  187 new  [0x00000212b96d3ea0, 0x00000212b96d4160]  704 bytes
[MachCode]
  0x00000212b96d3ea0: 4883 ec08 | c5fa 1104 | 24eb 1f48 | 83ec 10c5 | fb11 0424 | eb14 4883 | ec10 4889 | 0424 48c7 
  0x00000212b96d3ec0: 4424 0800 | 0000 00eb | 0150 410f | b755 010f | cac1 ea10 | 488b 4de8 | 488b 4908 | 488b 4908 
  0x00000212b96d3ee0: 488b 4108 | 807c 1004 | 070f 85d3 | 0000 0066 | 8b54 d148 | 488b 4928 | 488b 4cd1 | 0851 80b9 
  0x00000212b96d3f00: 2001 0000 | 050f 85b6 | 0000 008b | 5108 f6c2 | 010f 85aa | 0000 0049 | 8b87 b801 | 0000 488d 
  0x00000212b96d3f20: 1c10 493b | 9fc8 0100 | 000f 8792 | 0000 0049 | 899f b801 | 0000 4883 | ea10 0f84 | 0f00 0000 
  0x00000212b96d3f40: 33c9 c1ea | 0348 894c | d008 48ff | ca75 f648 | c700 0100 | 0000 5933 | f689 700c | 49ba 0000 
  0x00000212b96d3f60: 00c5 1202 | 0000 492b | ca89 4808 | 49ba ca25 | 3fff fe7f | 0000 4180 | 3a00 0f84 | 3c00 0000 
  0x00000212b96d3f80: 5048 8bc8 | 4883 ec20 | 40f6 c40f | 0f84 1900 | 0000 4883 | ec08 48b8 | 70eb effe | fe7f 0000 
  0x00000212b96d3fa0: ffd0 4883 | c408 e90c | 0000 0048 | b870 ebef | fefe 7f00 | 00ff d048 | 83c4 2058 | e982 0100 
  0x00000212b96d3fc0: 0059 488b | 55e8 488b | 5208 488b | 5208 450f | b745 0141 | 0fc8 41c1 | e810 e805 | 0000 00e9 
  0x00000212b96d3fe0: 5f01 0000 | 488d 4424 | 084c 896d | c049 8bcf | c5f8 7749 | 89af a803 | 0000 4989 | 8798 0300 
  0x00000212b96d4000: 0048 83ec | 2040 f6c4 | 0f0f 8419 | 0000 0048 | 83ec 0848 | b8b0 36ba | fefe 7f00 | 00ff d048 
  0x00000212b96d4020: 83c4 08e9 | 0c00 0000 | 48b8 b036 | bafe fe7f | 0000 ffd0 | 4883 c420 | 49c7 8798 | 0300 0000 
  0x00000212b96d4040: 0000 0049 | c787 a803 | 0000 0000 | 0000 49c7 | 87a0 0300 | 0000 0000 | 00c5 f877 | 418b 8f2c 
  0x00000212b96d4060: 0500 00f6 | c101 0f84 | 4200 0000 | f6c1 020f | 8539 0000 | 0048 83ec | 2040 f6c4 | 0f0f 8419 
  0x00000212b96d4080: 0000 0048 | 83ec 0848 | b8b0 13ba | fefe 7f00 | 00ff d048 | 83c4 08e9 | 0c00 0000 | 48b8 b013 
  0x00000212b96d40a0: bafe fe7f | 0000 ffd0 | 4883 c420 | ffe0 498b | 8fd8 0500 | 0048 85c9 | 0f84 5500 | 0000 8b89 
  0x00000212b96d40c0: 9c00 0000 | 83f9 010f | 8546 0000 | 0049 8b8f | d805 0000 | 8b89 a000 | 0000 4883 | ec20 40f6 
  0x00000212b96d40e0: c40f 0f84 | 1900 0000 | 4883 ec08 | 48b8 a013 | bafe fe7f | 0000 ffd0 | 4883 c408 | e90c 0000 
  0x00000212b96d4100: 0048 b8a0 | 13ba fefe | 7f00 00ff | d048 83c4 | 20ff e049 | 837f 0800 | 0f84 0500 | 0000 e9dd 
  0x00000212b96d4120: cdfd ff49 | 8b87 f003 | 0000 49c7 | 87f0 0300 | 0000 0000 | 004c 8b6d | c04c 8b75 | c84e 8d74 
  0x00000212b96d4140: f500 c341 | 0fb6 5d03 | 4983 c503 | 49ba 80df | 41ff fe7f | 0000 41ff | 24da 660f | 1f44 0000 
[/MachCode]

---------------  P R O C E S S  ---------------

Threads class SMR info:
_java_thread_list=0x000002130a7582e0, length=17, elements={
0x00000212b1273510, 0x00000212c485d370, 0x00000212c485f0a0, 0x00000212c485fdc0,
0x00000212c4862200, 0x00000212c4862e70, 0x00000212c4863e10, 0x00000212c4864ff0,
0x00000212c48270e0, 0x00000212c4c45f30, 0x00000212c4cbc630, 0x00000212c4cd5600,
0x00000212c4cd7c00, 0x000002130a388230, 0x000002130a3897c0, 0x000002130a570570,
0x000002130a758730
}

Java Threads: ( => current thread )
=>0x00000212b1273510 JavaThread "main"                              [_thread_in_vm, id=31964, stack(0x0000009a22300000,0x0000009a22400000) (1024K)]
  0x00000212c485d370 JavaThread "Reference Handler"          daemon [_thread_blocked, id=18792, stack(0x0000009a22b00000,0x0000009a22c00000) (1024K)]
  0x00000212c485f0a0 JavaThread "Finalizer"                  daemon [_thread_blocked, id=27660, stack(0x0000009a22c00000,0x0000009a22d00000) (1024K)]
  0x00000212c485fdc0 JavaThread "Signal Dispatcher"          daemon [_thread_blocked, id=32772, stack(0x0000009a22d00000,0x0000009a22e00000) (1024K)]
  0x00000212c4862200 JavaThread "Attach Listener"            daemon [_thread_blocked, id=22184, stack(0x0000009a22e00000,0x0000009a22f00000) (1024K)]
  0x00000212c4862e70 JavaThread "Service Thread"             daemon [_thread_blocked, id=8388, stack(0x0000009a22f00000,0x0000009a23000000) (1024K)]
  0x00000212c4863e10 JavaThread "Monitor Deflation Thread"   daemon [_thread_blocked, id=8996, stack(0x0000009a23000000,0x0000009a23100000) (1024K)]
  0x00000212c4864ff0 JavaThread "C1 CompilerThread0"         daemon [_thread_blocked, id=4544, stack(0x0000009a23100000,0x0000009a23200000) (1024K)]
  0x00000212c48270e0 JavaThread "C1 CompilerThread1"         daemon [_thread_blocked, id=16732, stack(0x0000009a23200000,0x0000009a23300000) (1024K)]
  0x00000212c4c45f30 JavaThread "Common-Cleaner"             daemon [_thread_blocked, id=3740, stack(0x0000009a23300000,0x0000009a23400000) (1024K)]
  0x00000212c4cbc630 JavaThread "JDWP Transport Listener: dt_socket" daemon [_thread_blocked, id=31456, stack(0x0000009a23400000,0x0000009a23500000) (1024K)]
  0x00000212c4cd5600 JavaThread "JDWP Event Helper Thread"   daemon [_thread_blocked, id=2932, stack(0x0000009a23500000,0x0000009a23600000) (1024K)]
  0x00000212c4cd7c00 JavaThread "JDWP Command Reader"        daemon [_thread_in_native, id=28952, stack(0x0000009a23600000,0x0000009a23700000) (1024K)]
  0x000002130a388230 JavaThread "C1 CompilerThread2"         daemon [_thread_blocked, id=31600, stack(0x0000009a23700000,0x0000009a23800000) (1024K)]
  0x000002130a3897c0 JavaThread "C1 CompilerThread3"         daemon [_thread_blocked, id=29944, stack(0x0000009a23800000,0x0000009a23900000) (1024K)]
  0x000002130a570570 JavaThread "Notification Thread"        daemon [_thread_blocked, id=14432, stack(0x0000009a23900000,0x0000009a23a00000) (1024K)]
  0x000002130a758730 JavaThread "RMI TCP Accept-0"           daemon [_thread_in_native, id=30848, stack(0x0000009a24500000,0x0000009a24600000) (1024K)]
Total: 17

Other Threads:
  0x00000212c4839330 VMThread "VM Thread"                           [id=33656, stack(0x0000009a22a00000,0x0000009a22b00000) (1024K)]
  0x00000212c48239e0 WatcherThread "VM Periodic Task Thread"        [id=1216, stack(0x0000009a22900000,0x0000009a22a00000) (1024K)]
  0x00000212b12dac20 WorkerThread "GC Thread#0"                     [id=19752, stack(0x0000009a22400000,0x0000009a22500000) (1024K)]
  0x000002130a5fb9c0 WorkerThread "GC Thread#1"                     [id=24400, stack(0x0000009a23a00000,0x0000009a23b00000) (1024K)]
  0x000002130a4909a0 WorkerThread "GC Thread#2"                     [id=13104, stack(0x0000009a23b00000,0x0000009a23c00000) (1024K)]
  0x000002130a490d40 WorkerThread "GC Thread#3"                     [id=23944, stack(0x0000009a23c00000,0x0000009a23d00000) (1024K)]
  0x000002130a4914f0 WorkerThread "GC Thread#4"                     [id=28932, stack(0x0000009a23d00000,0x0000009a23e00000) (1024K)]
  0x000002130a62ae80 WorkerThread "GC Thread#5"                     [id=21584, stack(0x0000009a23e00000,0x0000009a23f00000) (1024K)]
  0x000002130a62b220 WorkerThread "GC Thread#6"                     [id=20248, stack(0x0000009a23f00000,0x0000009a24000000) (1024K)]
  0x000002130a62b5c0 WorkerThread "GC Thread#7"                     [id=31420, stack(0x0000009a24000000,0x0000009a24100000) (1024K)]
  0x000002130a62bf70 WorkerThread "GC Thread#8"                     [id=30204, stack(0x0000009a24100000,0x0000009a24200000) (1024K)]
  0x000002130a62cf20 WorkerThread "GC Thread#9"                     [id=28040, stack(0x0000009a24200000,0x0000009a24300000) (1024K)]
  0x000002130a62dda0 WorkerThread "GC Thread#10"                    [id=5872, stack(0x0000009a24300000,0x0000009a24400000) (1024K)]
  0x000002130a62d2c0 WorkerThread "GC Thread#11"                    [id=22336, stack(0x0000009a24400000,0x0000009a24500000) (1024K)]
  0x00000212b12eb1e0 ConcurrentGCThread "G1 Main Marker"            [id=29640, stack(0x0000009a22500000,0x0000009a22600000) (1024K)]
  0x00000212b12ebe90 WorkerThread "G1 Conc#0"                       [id=25796, stack(0x0000009a22600000,0x0000009a22700000) (1024K)]
  0x00000212c46f6880 ConcurrentGCThread "G1 Refine#0"               [id=23460, stack(0x0000009a22700000,0x0000009a22800000) (1024K)]
  0x00000212c46f73f0 ConcurrentGCThread "G1 Service"                [id=24468, stack(0x0000009a22800000,0x0000009a22900000) (1024K)]
Total: 18

Threads with active compile tasks:
Total: 0

VM state: not at safepoint (normal execution)

VM Mutex/Monitor currently owned by a thread:  ([mutex/lock_event])
[0x00007ffeff408578] Metaspace_lock - owner thread: 0x00000212b1273510

Heap address: 0x000000070a200000, size: 3934 MB, Compressed Oops mode: Zero based, Oop shift amount: 3

CDS archive(s) mapped at: [0x00000212c5000000-0x00000212c5c90000-0x00000212c5c90000), size 13172736, SharedBaseAddress: 0x00000212c5000000, ArchiveRelocationMode: 1.
Compressed class space mapped at: 0x00000212c6000000-0x0000021306000000, reserved size: 1073741824
Narrow klass base: 0x00000212c5000000, Narrow klass shift: 0, Narrow klass range: 0x100000000

GC Precious Log:
 CardTable entry size: 512
 Card Set container configuration: InlinePtr #cards 4 size 8 Array Of Cards #cards 16 size 48 Howl #buckets 8 coarsen threshold 3686 Howl Bitmap #cards 512 size 80 coarsen threshold 460 Card regions per heap region 1 cards per card region 4096
 CPUs: 16 total, 16 available
 Memory: 15734M
 Large Page Support: Disabled
 NUMA Support: Disabled
 Compressed Oops: Enabled (Zero based)
 Heap Region Size: 2M
 Heap Min Capacity: 8M
 Heap Initial Capacity: 246M
 Heap Max Capacity: 3934M
 Pre-touch: Disabled
 Parallel Workers: 13
 Concurrent Workers: 3
 Concurrent Refinement Workers: 13
 Periodic GC: Disabled

Heap:
 garbage-first heap   total 251904K, used 22569K [0x000000070a200000, 0x0000000800000000)
  region size 2048K, 10 young (20480K), 2 survivors (4096K)
 Metaspace       used 7606K, committed 7808K, reserved 1114112K
  class space    used 922K, committed 1024K, reserved 1048576K

Heap Regions: E=young(eden), S=young(survivor), O=old, HS=humongous(starts), HC=humongous(continues), CS=collection set, F=free, TAMS=top-at-mark-start, PB=parsable bottom
|   0|0x000000070a200000, 0x000000070a400000, 0x000000070a400000|100%| O|  |TAMS 0x000000070a200000| PB 0x000000070a200000| Untracked 
|   1|0x000000070a400000, 0x000000070a600000, 0x000000070a600000|100%| O|  |TAMS 0x000000070a400000| PB 0x000000070a400000| Untracked 
|   2|0x000000070a600000, 0x000000070a60a660, 0x000000070a800000|  2%| O|  |TAMS 0x000000070a600000| PB 0x000000070a600000| Untracked 
|   3|0x000000070a800000, 0x000000070a800000, 0x000000070aa00000|  0%| F|  |TAMS 0x000000070a800000| PB 0x000000070a800000| Untracked 
|   4|0x000000070aa00000, 0x000000070aa00000, 0x000000070ac00000|  0%| F|  |TAMS 0x000000070aa00000| PB 0x000000070aa00000| Untracked 
|   5|0x000000070ac00000, 0x000000070ac00000, 0x000000070ae00000|  0%| F|  |TAMS 0x000000070ac00000| PB 0x000000070ac00000| Untracked 
|   6|0x000000070ae00000, 0x000000070ae00000, 0x000000070b000000|  0%| F|  |TAMS 0x000000070ae00000| PB 0x000000070ae00000| Untracked 
|   7|0x000000070b000000, 0x000000070b000000, 0x000000070b200000|  0%| F|  |TAMS 0x000000070b000000| PB 0x000000070b000000| Untracked 
|   8|0x000000070b200000, 0x000000070b200000, 0x000000070b400000|  0%| F|  |TAMS 0x000000070b200000| PB 0x000000070b200000| Untracked 
|   9|0x000000070b400000, 0x000000070b400000, 0x000000070b600000|  0%| F|  |TAMS 0x000000070b400000| PB 0x000000070b400000| Untracked 
|  10|0x000000070b600000, 0x000000070b600000, 0x000000070b800000|  0%| F|  |TAMS 0x000000070b600000| PB 0x000000070b600000| Untracked 
|  11|0x000000070b800000, 0x000000070b800000, 0x000000070ba00000|  0%| F|  |TAMS 0x000000070b800000| PB 0x000000070b800000| Untracked 
|  12|0x000000070ba00000, 0x000000070ba00000, 0x000000070bc00000|  0%| F|  |TAMS 0x000000070ba00000| PB 0x000000070ba00000| Untracked 
|  13|0x000000070bc00000, 0x000000070bc00000, 0x000000070be00000|  0%| F|  |TAMS 0x000000070bc00000| PB 0x000000070bc00000| Untracked 
|  14|0x000000070be00000, 0x000000070be00000, 0x000000070c000000|  0%| F|  |TAMS 0x000000070be00000| PB 0x000000070be00000| Untracked 
|  15|0x000000070c000000, 0x000000070c000000, 0x000000070c200000|  0%| F|  |TAMS 0x000000070c000000| PB 0x000000070c000000| Untracked 
|  16|0x000000070c200000, 0x000000070c200000, 0x000000070c400000|  0%| F|  |TAMS 0x000000070c200000| PB 0x000000070c200000| Untracked 
|  17|0x000000070c400000, 0x000000070c400000, 0x000000070c600000|  0%| F|  |TAMS 0x000000070c400000| PB 0x000000070c400000| Untracked 
|  18|0x000000070c600000, 0x000000070c600000, 0x000000070c800000|  0%| F|  |TAMS 0x000000070c600000| PB 0x000000070c600000| Untracked 
|  19|0x000000070c800000, 0x000000070c800000, 0x000000070ca00000|  0%| F|  |TAMS 0x000000070c800000| PB 0x000000070c800000| Untracked 
|  20|0x000000070ca00000, 0x000000070ca00000, 0x000000070cc00000|  0%| F|  |TAMS 0x000000070ca00000| PB 0x000000070ca00000| Untracked 
|  21|0x000000070cc00000, 0x000000070cc00000, 0x000000070ce00000|  0%| F|  |TAMS 0x000000070cc00000| PB 0x000000070cc00000| Untracked 
|  22|0x000000070ce00000, 0x000000070ce00000, 0x000000070d000000|  0%| F|  |TAMS 0x000000070ce00000| PB 0x000000070ce00000| Untracked 
|  23|0x000000070d000000, 0x000000070d000000, 0x000000070d200000|  0%| F|  |TAMS 0x000000070d000000| PB 0x000000070d000000| Untracked 
|  24|0x000000070d200000, 0x000000070d200000, 0x000000070d400000|  0%| F|  |TAMS 0x000000070d200000| PB 0x000000070d200000| Untracked 
|  25|0x000000070d400000, 0x000000070d400000, 0x000000070d600000|  0%| F|  |TAMS 0x000000070d400000| PB 0x000000070d400000| Untracked 
|  26|0x000000070d600000, 0x000000070d600000, 0x000000070d800000|  0%| F|  |TAMS 0x000000070d600000| PB 0x000000070d600000| Untracked 
|  27|0x000000070d800000, 0x000000070d800000, 0x000000070da00000|  0%| F|  |TAMS 0x000000070d800000| PB 0x000000070d800000| Untracked 
|  28|0x000000070da00000, 0x000000070da00000, 0x000000070dc00000|  0%| F|  |TAMS 0x000000070da00000| PB 0x000000070da00000| Untracked 
|  29|0x000000070dc00000, 0x000000070dc00000, 0x000000070de00000|  0%| F|  |TAMS 0x000000070dc00000| PB 0x000000070dc00000| Untracked 
|  30|0x000000070de00000, 0x000000070de00000, 0x000000070e000000|  0%| F|  |TAMS 0x000000070de00000| PB 0x000000070de00000| Untracked 
|  31|0x000000070e000000, 0x000000070e000000, 0x000000070e200000|  0%| F|  |TAMS 0x000000070e000000| PB 0x000000070e000000| Untracked 
|  32|0x000000070e200000, 0x000000070e200000, 0x000000070e400000|  0%| F|  |TAMS 0x000000070e200000| PB 0x000000070e200000| Untracked 
|  33|0x000000070e400000, 0x000000070e400000, 0x000000070e600000|  0%| F|  |TAMS 0x000000070e400000| PB 0x000000070e400000| Untracked 
|  34|0x000000070e600000, 0x000000070e600000, 0x000000070e800000|  0%| F|  |TAMS 0x000000070e600000| PB 0x000000070e600000| Untracked 
|  35|0x000000070e800000, 0x000000070e800000, 0x000000070ea00000|  0%| F|  |TAMS 0x000000070e800000| PB 0x000000070e800000| Untracked 
|  36|0x000000070ea00000, 0x000000070ea00000, 0x000000070ec00000|  0%| F|  |TAMS 0x000000070ea00000| PB 0x000000070ea00000| Untracked 
|  37|0x000000070ec00000, 0x000000070ec00000, 0x000000070ee00000|  0%| F|  |TAMS 0x000000070ec00000| PB 0x000000070ec00000| Untracked 
|  38|0x000000070ee00000, 0x000000070ee00000, 0x000000070f000000|  0%| F|  |TAMS 0x000000070ee00000| PB 0x000000070ee00000| Untracked 
|  39|0x000000070f000000, 0x000000070f000000, 0x000000070f200000|  0%| F|  |TAMS 0x000000070f000000| PB 0x000000070f000000| Untracked 
|  40|0x000000070f200000, 0x000000070f200000, 0x000000070f400000|  0%| F|  |TAMS 0x000000070f200000| PB 0x000000070f200000| Untracked 
|  41|0x000000070f400000, 0x000000070f400000, 0x000000070f600000|  0%| F|  |TAMS 0x000000070f400000| PB 0x000000070f400000| Untracked 
|  42|0x000000070f600000, 0x000000070f600000, 0x000000070f800000|  0%| F|  |TAMS 0x000000070f600000| PB 0x000000070f600000| Untracked 
|  43|0x000000070f800000, 0x000000070f800000, 0x000000070fa00000|  0%| F|  |TAMS 0x000000070f800000| PB 0x000000070f800000| Untracked 
|  44|0x000000070fa00000, 0x000000070fa00000, 0x000000070fc00000|  0%| F|  |TAMS 0x000000070fa00000| PB 0x000000070fa00000| Untracked 
|  45|0x000000070fc00000, 0x000000070fc00000, 0x000000070fe00000|  0%| F|  |TAMS 0x000000070fc00000| PB 0x000000070fc00000| Untracked 
|  46|0x000000070fe00000, 0x000000070fe00000, 0x0000000710000000|  0%| F|  |TAMS 0x000000070fe00000| PB 0x000000070fe00000| Untracked 
|  47|0x0000000710000000, 0x0000000710000000, 0x0000000710200000|  0%| F|  |TAMS 0x0000000710000000| PB 0x0000000710000000| Untracked 
|  48|0x0000000710200000, 0x0000000710200000, 0x0000000710400000|  0%| F|  |TAMS 0x0000000710200000| PB 0x0000000710200000| Untracked 
|  49|0x0000000710400000, 0x0000000710400000, 0x0000000710600000|  0%| F|  |TAMS 0x0000000710400000| PB 0x0000000710400000| Untracked 
|  50|0x0000000710600000, 0x0000000710600000, 0x0000000710800000|  0%| F|  |TAMS 0x0000000710600000| PB 0x0000000710600000| Untracked 
|  51|0x0000000710800000, 0x0000000710800000, 0x0000000710a00000|  0%| F|  |TAMS 0x0000000710800000| PB 0x0000000710800000| Untracked 
|  52|0x0000000710a00000, 0x0000000710a00000, 0x0000000710c00000|  0%| F|  |TAMS 0x0000000710a00000| PB 0x0000000710a00000| Untracked 
|  53|0x0000000710c00000, 0x0000000710c00000, 0x0000000710e00000|  0%| F|  |TAMS 0x0000000710c00000| PB 0x0000000710c00000| Untracked 
|  54|0x0000000710e00000, 0x0000000710e00000, 0x0000000711000000|  0%| F|  |TAMS 0x0000000710e00000| PB 0x0000000710e00000| Untracked 
|  55|0x0000000711000000, 0x0000000711000000, 0x0000000711200000|  0%| F|  |TAMS 0x0000000711000000| PB 0x0000000711000000| Untracked 
|  56|0x0000000711200000, 0x0000000711200000, 0x0000000711400000|  0%| F|  |TAMS 0x0000000711200000| PB 0x0000000711200000| Untracked 
|  57|0x0000000711400000, 0x0000000711400000, 0x0000000711600000|  0%| F|  |TAMS 0x0000000711400000| PB 0x0000000711400000| Untracked 
|  58|0x0000000711600000, 0x0000000711600000, 0x0000000711800000|  0%| F|  |TAMS 0x0000000711600000| PB 0x0000000711600000| Untracked 
|  59|0x0000000711800000, 0x0000000711800000, 0x0000000711a00000|  0%| F|  |TAMS 0x0000000711800000| PB 0x0000000711800000| Untracked 
|  60|0x0000000711a00000, 0x0000000711a00000, 0x0000000711c00000|  0%| F|  |TAMS 0x0000000711a00000| PB 0x0000000711a00000| Untracked 
|  61|0x0000000711c00000, 0x0000000711c00000, 0x0000000711e00000|  0%| F|  |TAMS 0x0000000711c00000| PB 0x0000000711c00000| Untracked 
|  62|0x0000000711e00000, 0x0000000711e00000, 0x0000000712000000|  0%| F|  |TAMS 0x0000000711e00000| PB 0x0000000711e00000| Untracked 
|  63|0x0000000712000000, 0x0000000712000000, 0x0000000712200000|  0%| F|  |TAMS 0x0000000712000000| PB 0x0000000712000000| Untracked 
|  64|0x0000000712200000, 0x0000000712200000, 0x0000000712400000|  0%| F|  |TAMS 0x0000000712200000| PB 0x0000000712200000| Untracked 
|  65|0x0000000712400000, 0x0000000712400000, 0x0000000712600000|  0%| F|  |TAMS 0x0000000712400000| PB 0x0000000712400000| Untracked 
|  66|0x0000000712600000, 0x0000000712600000, 0x0000000712800000|  0%| F|  |TAMS 0x0000000712600000| PB 0x0000000712600000| Untracked 
|  67|0x0000000712800000, 0x0000000712800000, 0x0000000712a00000|  0%| F|  |TAMS 0x0000000712800000| PB 0x0000000712800000| Untracked 
|  68|0x0000000712a00000, 0x0000000712a00000, 0x0000000712c00000|  0%| F|  |TAMS 0x0000000712a00000| PB 0x0000000712a00000| Untracked 
|  69|0x0000000712c00000, 0x0000000712c00000, 0x0000000712e00000|  0%| F|  |TAMS 0x0000000712c00000| PB 0x0000000712c00000| Untracked 
|  70|0x0000000712e00000, 0x0000000712e00000, 0x0000000713000000|  0%| F|  |TAMS 0x0000000712e00000| PB 0x0000000712e00000| Untracked 
|  71|0x0000000713000000, 0x0000000713000000, 0x0000000713200000|  0%| F|  |TAMS 0x0000000713000000| PB 0x0000000713000000| Untracked 
|  72|0x0000000713200000, 0x0000000713200000, 0x0000000713400000|  0%| F|  |TAMS 0x0000000713200000| PB 0x0000000713200000| Untracked 
|  73|0x0000000713400000, 0x0000000713400000, 0x0000000713600000|  0%| F|  |TAMS 0x0000000713400000| PB 0x0000000713400000| Untracked 
|  74|0x0000000713600000, 0x0000000713600000, 0x0000000713800000|  0%| F|  |TAMS 0x0000000713600000| PB 0x0000000713600000| Untracked 
|  75|0x0000000713800000, 0x0000000713800000, 0x0000000713a00000|  0%| F|  |TAMS 0x0000000713800000| PB 0x0000000713800000| Untracked 
|  76|0x0000000713a00000, 0x0000000713a00000, 0x0000000713c00000|  0%| F|  |TAMS 0x0000000713a00000| PB 0x0000000713a00000| Untracked 
|  77|0x0000000713c00000, 0x0000000713c00000, 0x0000000713e00000|  0%| F|  |TAMS 0x0000000713c00000| PB 0x0000000713c00000| Untracked 
|  78|0x0000000713e00000, 0x0000000713e00000, 0x0000000714000000|  0%| F|  |TAMS 0x0000000713e00000| PB 0x0000000713e00000| Untracked 
|  79|0x0000000714000000, 0x0000000714000000, 0x0000000714200000|  0%| F|  |TAMS 0x0000000714000000| PB 0x0000000714000000| Untracked 
|  80|0x0000000714200000, 0x0000000714200000, 0x0000000714400000|  0%| F|  |TAMS 0x0000000714200000| PB 0x0000000714200000| Untracked 
|  81|0x0000000714400000, 0x0000000714400000, 0x0000000714600000|  0%| F|  |TAMS 0x0000000714400000| PB 0x0000000714400000| Untracked 
|  82|0x0000000714600000, 0x0000000714600000, 0x0000000714800000|  0%| F|  |TAMS 0x0000000714600000| PB 0x0000000714600000| Untracked 
|  83|0x0000000714800000, 0x0000000714800000, 0x0000000714a00000|  0%| F|  |TAMS 0x0000000714800000| PB 0x0000000714800000| Untracked 
|  84|0x0000000714a00000, 0x0000000714a00000, 0x0000000714c00000|  0%| F|  |TAMS 0x0000000714a00000| PB 0x0000000714a00000| Untracked 
|  85|0x0000000714c00000, 0x0000000714c00000, 0x0000000714e00000|  0%| F|  |TAMS 0x0000000714c00000| PB 0x0000000714c00000| Untracked 
|  86|0x0000000714e00000, 0x0000000714e00000, 0x0000000715000000|  0%| F|  |TAMS 0x0000000714e00000| PB 0x0000000714e00000| Untracked 
|  87|0x0000000715000000, 0x0000000715000000, 0x0000000715200000|  0%| F|  |TAMS 0x0000000715000000| PB 0x0000000715000000| Untracked 
|  88|0x0000000715200000, 0x0000000715200000, 0x0000000715400000|  0%| F|  |TAMS 0x0000000715200000| PB 0x0000000715200000| Untracked 
|  89|0x0000000715400000, 0x0000000715400000, 0x0000000715600000|  0%| F|  |TAMS 0x0000000715400000| PB 0x0000000715400000| Untracked 
|  90|0x0000000715600000, 0x0000000715600000, 0x0000000715800000|  0%| F|  |TAMS 0x0000000715600000| PB 0x0000000715600000| Untracked 
|  91|0x0000000715800000, 0x0000000715800000, 0x0000000715a00000|  0%| F|  |TAMS 0x0000000715800000| PB 0x0000000715800000| Untracked 
|  92|0x0000000715a00000, 0x0000000715a00000, 0x0000000715c00000|  0%| F|  |TAMS 0x0000000715a00000| PB 0x0000000715a00000| Untracked 
|  93|0x0000000715c00000, 0x0000000715c00000, 0x0000000715e00000|  0%| F|  |TAMS 0x0000000715c00000| PB 0x0000000715c00000| Untracked 
|  94|0x0000000715e00000, 0x0000000715e00000, 0x0000000716000000|  0%| F|  |TAMS 0x0000000715e00000| PB 0x0000000715e00000| Untracked 
|  95|0x0000000716000000, 0x0000000716000000, 0x0000000716200000|  0%| F|  |TAMS 0x0000000716000000| PB 0x0000000716000000| Untracked 
|  96|0x0000000716200000, 0x0000000716200000, 0x0000000716400000|  0%| F|  |TAMS 0x0000000716200000| PB 0x0000000716200000| Untracked 
|  97|0x0000000716400000, 0x0000000716400000, 0x0000000716600000|  0%| F|  |TAMS 0x0000000716400000| PB 0x0000000716400000| Untracked 
|  98|0x0000000716600000, 0x0000000716600000, 0x0000000716800000|  0%| F|  |TAMS 0x0000000716600000| PB 0x0000000716600000| Untracked 
|  99|0x0000000716800000, 0x0000000716800000, 0x0000000716a00000|  0%| F|  |TAMS 0x0000000716800000| PB 0x0000000716800000| Untracked 
| 100|0x0000000716a00000, 0x0000000716a00000, 0x0000000716c00000|  0%| F|  |TAMS 0x0000000716a00000| PB 0x0000000716a00000| Untracked 
| 101|0x0000000716c00000, 0x0000000716c00000, 0x0000000716e00000|  0%| F|  |TAMS 0x0000000716c00000| PB 0x0000000716c00000| Untracked 
| 102|0x0000000716e00000, 0x0000000716e00000, 0x0000000717000000|  0%| F|  |TAMS 0x0000000716e00000| PB 0x0000000716e00000| Untracked 
| 103|0x0000000717000000, 0x0000000717000000, 0x0000000717200000|  0%| F|  |TAMS 0x0000000717000000| PB 0x0000000717000000| Untracked 
| 104|0x0000000717200000, 0x0000000717200000, 0x0000000717400000|  0%| F|  |TAMS 0x0000000717200000| PB 0x0000000717200000| Untracked 
| 105|0x0000000717400000, 0x0000000717400000, 0x0000000717600000|  0%| F|  |TAMS 0x0000000717400000| PB 0x0000000717400000| Untracked 
| 106|0x0000000717600000, 0x0000000717600000, 0x0000000717800000|  0%| F|  |TAMS 0x0000000717600000| PB 0x0000000717600000| Untracked 
| 107|0x0000000717800000, 0x0000000717800000, 0x0000000717a00000|  0%| F|  |TAMS 0x0000000717800000| PB 0x0000000717800000| Untracked 
| 108|0x0000000717a00000, 0x0000000717a00000, 0x0000000717c00000|  0%| F|  |TAMS 0x0000000717a00000| PB 0x0000000717a00000| Untracked 
| 109|0x0000000717c00000, 0x0000000717c00000, 0x0000000717e00000|  0%| F|  |TAMS 0x0000000717c00000| PB 0x0000000717c00000| Untracked 
| 110|0x0000000717e00000, 0x0000000718000000, 0x0000000718000000|100%| S|CS|TAMS 0x0000000717e00000| PB 0x0000000717e00000| Complete 
| 111|0x0000000718000000, 0x0000000718200000, 0x0000000718200000|100%| S|CS|TAMS 0x0000000718000000| PB 0x0000000718000000| Complete 
| 112|0x0000000718200000, 0x0000000718200000, 0x0000000718400000|  0%| F|  |TAMS 0x0000000718200000| PB 0x0000000718200000| Untracked 
| 113|0x0000000718400000, 0x0000000718400000, 0x0000000718600000|  0%| F|  |TAMS 0x0000000718400000| PB 0x0000000718400000| Untracked 
| 114|0x0000000718600000, 0x0000000718600000, 0x0000000718800000|  0%| F|  |TAMS 0x0000000718600000| PB 0x0000000718600000| Untracked 
| 115|0x0000000718800000, 0x00000007188ab280, 0x0000000718a00000| 33%| E|  |TAMS 0x0000000718800000| PB 0x0000000718800000| Complete 
| 116|0x0000000718a00000, 0x0000000718c00000, 0x0000000718c00000|100%| E|CS|TAMS 0x0000000718a00000| PB 0x0000000718a00000| Complete 
| 117|0x0000000718c00000, 0x0000000718e00000, 0x0000000718e00000|100%| E|CS|TAMS 0x0000000718c00000| PB 0x0000000718c00000| Complete 
| 118|0x0000000718e00000, 0x0000000719000000, 0x0000000719000000|100%| E|CS|TAMS 0x0000000718e00000| PB 0x0000000718e00000| Complete 
| 119|0x0000000719000000, 0x0000000719200000, 0x0000000719200000|100%| E|CS|TAMS 0x0000000719000000| PB 0x0000000719000000| Complete 
| 120|0x0000000719200000, 0x0000000719400000, 0x0000000719400000|100%| E|CS|TAMS 0x0000000719200000| PB 0x0000000719200000| Complete 
| 121|0x0000000719400000, 0x0000000719600000, 0x0000000719600000|100%| E|CS|TAMS 0x0000000719400000| PB 0x0000000719400000| Complete 
| 122|0x0000000719600000, 0x0000000719800000, 0x0000000719800000|100%| E|CS|TAMS 0x0000000719600000| PB 0x0000000719600000| Complete 

Card table byte_map: [0x00000212bd4d0000,0x00000212bdc80000] _byte_map_base: 0x00000212b9c7f000

Marking Bits: (CMBitMap*) 0x00000212b12db330
 Bits: [0x00000212bdc80000, 0x00000212c19f8000)

Polling page: 0x00000212af200000

Metaspace:

Usage:
  Non-class:      6.53 MB used.
      Class:    922.92 KB used.
       Both:      7.43 MB used.

Virtual space:
  Non-class space:       64.00 MB reserved,       6.62 MB ( 10%) committed,  1 nodes.
      Class space:        1.00 GB reserved,       1.00 MB ( <1%) committed,  1 nodes.
             Both:        1.06 GB reserved,       7.62 MB ( <1%) committed. 

Chunk freelists:
   Non-Class:  9.30 MB
       Class:  14.95 MB
        Both:  24.25 MB

MaxMetaspaceSize: unlimited
CompressedClassSpaceSize: 1.00 GB
Initial GC threshold: 21.00 MB
Current GC threshold: 21.00 MB
CDS: on
 - commit_granule_bytes: 65536.
 - commit_granule_words: 8192.
 - virtual_space_node_default_size: 8388608.
 - enlarge_chunks_in_place: 1.
 - use_allocation_guard: 0.


Internal statistics:

num_allocs_failed_limit: 0.
num_arena_births: 186.
num_arena_deaths: 0.
num_vsnodes_births: 2.
num_vsnodes_deaths: 0.
num_space_committed: 122.
num_space_uncommitted: 0.
num_chunks_returned_to_freelist: 0.
num_chunks_taken_from_freelist: 337.
num_chunk_merges: 0.
num_chunk_splits: 190.
num_chunks_enlarged: 86.
num_inconsistent_stats: 0.

CodeCache: size=49152Kb used=5450Kb max_used=5450Kb free=43702Kb
 bounds [0x00000212b96b0000, 0x00000212b9c10000, 0x00000212bc6b0000]
 total_blobs=2035 nmethods=1550 adapters=407
 compilation: enabled
              stopped_count=0, restarted_count=0
 full_count=0

Compilation events (20 events):
Event: 1.482 Thread 0x000002130a388230 1540       1       java.lang.invoke.MemberName::hashCode (43 bytes)
Event: 1.482 Thread 0x00000212c48270e0 1541       1       java.lang.Byte::<init> (10 bytes)
Event: 1.482 Thread 0x000002130a3897c0 1542       1       java.util.Objects::hash (5 bytes)
Event: 1.482 Thread 0x00000212c4864ff0 1543       1       java.lang.Byte::hashCode (8 bytes)
Event: 1.482 Thread 0x00000212c48270e0 nmethod 1541 0x00000212b9bfde90 code [0x00000212b9bfe020, 0x00000212b9bfe0e8]
Event: 1.482 Thread 0x00000212c48270e0 1544       1       java.lang.Byte::hashCode (2 bytes)
Event: 1.482 Thread 0x00000212c4864ff0 nmethod 1543 0x00000212b9bfe190 code [0x00000212b9bfe320, 0x00000212b9bfe3e8]
Event: 1.483 Thread 0x000002130a3897c0 nmethod 1542 0x00000212b9bfe490 code [0x00000212b9bfe640, 0x00000212b9bfe708]
Event: 1.483 Thread 0x00000212c48270e0 nmethod 1544 0x00000212b9bfe790 code [0x00000212b9bfe920, 0x00000212b9bfe9c8]
Event: 1.483 Thread 0x000002130a388230 nmethod 1540 0x00000212b9bfea90 code [0x00000212b9bfec80, 0x00000212b9bff270]
Event: 1.486 Thread 0x00000212c48270e0 1545       1       jdk.internal.misc.VM::isSystemDomainLoader (17 bytes)
Event: 1.486 Thread 0x00000212c48270e0 nmethod 1545 0x00000212b9bff490 code [0x00000212b9bff620, 0x00000212b9bff6f8]
Event: 1.487 Thread 0x00000212c48270e0 1546       1       org.springframework.util.Assert::notNull (14 bytes)
Event: 1.487 Thread 0x00000212c48270e0 nmethod 1546 0x00000212b9bff790 code [0x00000212b9bff940, 0x00000212b9bffa98]
Event: 1.492 Thread 0x00000212c48270e0 1548       1       java.lang.ClassLoader::definePackage (85 bytes)
Event: 1.492 Thread 0x000002130a3897c0 1549       1       jdk.internal.loader.BuiltinClassLoader::isSealed (71 bytes)
Event: 1.492 Thread 0x000002130a388230 1550       1       java.lang.ClassLoader::compareCerts (197 bytes)
Event: 1.492 Thread 0x00000212c48270e0 nmethod 1548 0x00000212b9bffe90 code [0x00000212b9c000e0, 0x00000212b9c006d8]
Event: 1.493 Thread 0x000002130a388230 nmethod 1550 0x00000212b9c00a90 code [0x00000212b9c00c80, 0x00000212b9c01038]
Event: 1.493 Thread 0x000002130a3897c0 nmethod 1549 0x00000212b9c01290 code [0x00000212b9c01580, 0x00000212b9c01fe0]

GC Heap History (2 events):
Event: 1.134 GC heap before
{Heap before GC invocations=0 (full 0):
 garbage-first heap   total 251904K, used 22528K [0x000000070a200000, 0x0000000800000000)
  region size 2048K, 11 young (22528K), 0 survivors (0K)
 Metaspace       used 4031K, committed 4288K, reserved 1114112K
  class space    used 483K, committed 640K, reserved 1048576K
}
Event: 1.139 GC heap after
{Heap after GC invocations=1 (full 0):
 garbage-first heap   total 251904K, used 8233K [0x000000070a200000, 0x0000000800000000)
  region size 2048K, 2 young (4096K), 2 survivors (4096K)
 Metaspace       used 4031K, committed 4288K, reserved 1114112K
  class space    used 483K, committed 640K, reserved 1048576K
}

Dll operation events (10 events):
Event: 0.015 Loaded shared library C:\Users\kenny\env\Java\jdk-21\bin\java.dll
Event: 0.018 Loaded shared library C:\Users\kenny\env\Java\jdk-21\bin\zip.dll
Event: 0.408 Loaded shared library C:\Users\kenny\env\Java\jdk-21\bin\instrument.dll
Event: 0.598 Loaded shared library C:\Users\kenny\env\Java\jdk-21\bin\net.dll
Event: 0.601 Loaded shared library C:\Users\kenny\env\Java\jdk-21\bin\nio.dll
Event: 0.606 Loaded shared library C:\Users\kenny\env\Java\jdk-21\bin\zip.dll
Event: 0.778 Loaded shared library C:\Users\kenny\env\Java\jdk-21\bin\jimage.dll
Event: 1.006 Loaded shared library C:\Users\kenny\env\Java\jdk-21\bin\management.dll
Event: 1.022 Loaded shared library C:\Users\kenny\env\Java\jdk-21\bin\management_ext.dll
Event: 1.309 Loaded shared library C:\Users\kenny\env\Java\jdk-21\bin\extnet.dll

Deoptimization events (20 events):
Event: 1.298 Thread 0x00000212b1273510 DEOPT PACKING pc=0x00000212b9b72694 sp=0x0000009a223fe670
Event: 1.298 Thread 0x00000212b1273510 DEOPT UNPACKING pc=0x00000212b9704e42 sp=0x0000009a223fdb38 mode 1
Event: 1.298 Thread 0x00000212b1273510 DEOPT PACKING pc=0x00000212b9b72a0c sp=0x0000009a223fe700
Event: 1.298 Thread 0x00000212b1273510 DEOPT UNPACKING pc=0x00000212b9704e42 sp=0x0000009a223fdbd8 mode 1
Event: 1.414 Thread 0x00000212b1273510 DEOPT PACKING pc=0x00000212b9bc45d9 sp=0x0000009a223fd120
Event: 1.414 Thread 0x00000212b1273510 DEOPT UNPACKING pc=0x00000212b9704e42 sp=0x0000009a223fc578 mode 1
Event: 1.414 Thread 0x00000212b1273510 DEOPT PACKING pc=0x00000212b9bc3dac sp=0x0000009a223fd1b0
Event: 1.414 Thread 0x00000212b1273510 DEOPT UNPACKING pc=0x00000212b9704e42 sp=0x0000009a223fc658 mode 1
Event: 1.414 Thread 0x00000212b1273510 DEOPT PACKING pc=0x00000212b9b72694 sp=0x0000009a223fdc00
Event: 1.414 Thread 0x00000212b1273510 DEOPT UNPACKING pc=0x00000212b9704e42 sp=0x0000009a223fd0c8 mode 1
Event: 1.414 Thread 0x00000212b1273510 DEOPT PACKING pc=0x00000212b9b72a0c sp=0x0000009a223fdc90
Event: 1.414 Thread 0x00000212b1273510 DEOPT UNPACKING pc=0x00000212b9704e42 sp=0x0000009a223fd168 mode 1
Event: 1.490 Thread 0x00000212b1273510 DEOPT PACKING pc=0x00000212b9bc45d9 sp=0x0000009a223fe1b0
Event: 1.490 Thread 0x00000212b1273510 DEOPT UNPACKING pc=0x00000212b9704e42 sp=0x0000009a223fd608 mode 1
Event: 1.490 Thread 0x00000212b1273510 DEOPT PACKING pc=0x00000212b9bc3dac sp=0x0000009a223fe240
Event: 1.490 Thread 0x00000212b1273510 DEOPT UNPACKING pc=0x00000212b9704e42 sp=0x0000009a223fd6e8 mode 1
Event: 1.490 Thread 0x00000212b1273510 DEOPT PACKING pc=0x00000212b9b72694 sp=0x0000009a223fec90
Event: 1.490 Thread 0x00000212b1273510 DEOPT UNPACKING pc=0x00000212b9704e42 sp=0x0000009a223fe158 mode 1
Event: 1.490 Thread 0x00000212b1273510 DEOPT PACKING pc=0x00000212b9b72a0c sp=0x0000009a223fed20
Event: 1.490 Thread 0x00000212b1273510 DEOPT UNPACKING pc=0x00000212b9704e42 sp=0x0000009a223fe1f8 mode 1

Classes loaded (20 events):
Event: 1.490 Loading class org/springframework/boot/SpringApplication$StandardStartup
Event: 1.490 Loading class org/springframework/boot/SpringApplication$StandardStartup done
Event: 1.490 Loading class jdk/crac/management/CRaCMXBean
Event: 1.490 Loading class jdk/crac/management/CRaCMXBean done
Event: 1.491 Loading class org/springframework/boot/DefaultBootstrapContext
Event: 1.491 Loading class org/springframework/boot/DefaultBootstrapContext done
Event: 1.491 Loading class org/springframework/context/event/ApplicationEventMulticaster
Event: 1.491 Loading class org/springframework/context/event/ApplicationEventMulticaster done
Event: 1.491 Loading class org/springframework/boot/BootstrapContextClosedEvent
Event: 1.491 Loading class org/springframework/boot/BootstrapContextClosedEvent done
Event: 1.492 Loading class org/springframework/context/event/SimpleApplicationEventMulticaster
Event: 1.492 Loading class org/springframework/context/event/SimpleApplicationEventMulticaster done
Event: 1.492 Loading class org/springframework/context/event/AbstractApplicationEventMulticaster
Event: 1.492 Loading class org/springframework/context/event/AbstractApplicationEventMulticaster done
Event: 1.492 Loading class org/springframework/beans/factory/BeanClassLoaderAware
Event: 1.492 Loading class org/springframework/beans/factory/BeanClassLoaderAware done
Event: 1.492 Loading class org/springframework/beans/factory/BeanFactoryAware
Event: 1.492 Loading class org/springframework/beans/factory/BeanFactoryAware done
Event: 1.493 Loading class org/springframework/beans/factory/NoSuchBeanDefinitionException
Event: 1.493 Loading class org/springframework/beans/factory/NoSuchBeanDefinitionException done

Classes unloaded (0 events):
No events

Classes redefined (0 events):
No events

Internal exceptions (20 events):
Event: 0.874 Thread 0x00000212b1273510 Exception <a 'java/io/FileNotFoundException'{0x00000007188f4910}> (0x00000007188f4910) 
thrown [s\open\src\hotspot\share\prims\jni.cpp, line 520]
Event: 0.906 Thread 0x00000212b1273510 Exception <a 'java/lang/NoSuchMethodError'{0x00000007189fec78}: 'java.lang.Object java.lang.invoke.DirectMethodHandle$Holder.invokeSpecial(java.lang.Object, java.lang.Object, java.lang.Object, long, java.lang.Object)'> (0x00000007189fec78) 
thrown [s\open\src\hotspot\share\interpreter\linkResolver.cpp, line 773]
Event: 0.907 Thread 0x00000212b1273510 Exception <a 'java/lang/NoSuchMethodError'{0x0000000718602620}: 'java.lang.Object java.lang.invoke.Invokers$Holder.linkToTargetMethod(java.lang.Object, long, java.lang.Object, java.lang.Object)'> (0x0000000718602620) 
thrown [s\open\src\hotspot\share\interpreter\linkResolver.cpp, line 773]
Event: 1.026 Thread 0x00000212b1273510 Exception <a 'java/lang/NoSuchMethodError'{0x00000007184a83e8}: 'int java.lang.invoke.DirectMethodHandle$Holder.invokeInterface(java.lang.Object, java.lang.Object)'> (0x00000007184a83e8) 
thrown [s\open\src\hotspot\share\interpreter\linkResolver.cpp, line 773]
Event: 1.027 Thread 0x00000212b1273510 Exception <a 'java/lang/IncompatibleClassChangeError'{0x00000007184ab700}: Found class java.lang.Object, but interface was expected> (0x00000007184ab700) 
thrown [s\open\src\hotspot\share\interpreter\linkResolver.cpp, line 840]
Event: 1.028 Thread 0x00000212b1273510 Exception <a 'java/lang/NoSuchMethodError'{0x00000007184b0e88}: 'void java.lang.invoke.DirectMethodHandle$Holder.invokeStatic(java.lang.Object, java.lang.Object)'> (0x00000007184b0e88) 
thrown [s\open\src\hotspot\share\interpreter\linkResolver.cpp, line 773]
Event: 1.083 Thread 0x00000212b1273510 Exception <a 'java/lang/NoSuchMethodError'{0x00000007185e82a0}: 'int java.lang.invoke.DirectMethodHandle$Holder.invokeSpecial(java.lang.Object, java.lang.Object, java.lang.Object)'> (0x00000007185e82a0) 
thrown [s\open\src\hotspot\share\interpreter\linkResolver.cpp, line 773]
Event: 1.123 Thread 0x00000212b1273510 Exception <a 'java/lang/NoSuchMethodError'{0x000000071838cfa8}: 'java.lang.Object java.lang.invoke.DirectMethodHandle$Holder.invokeStaticInit(java.lang.Object, java.lang.Object, java.lang.Object)'> (0x000000071838cfa8) 
thrown [s\open\src\hotspot\share\interpreter\linkResolver.cpp, line 773]
Event: 1.197 Thread 0x00000212b1273510 Exception <a 'java/lang/NoSuchMethodError'{0x0000000719224e60}: 'int java.lang.invoke.DirectMethodHandle$Holder.invokeSpecialIFC(java.lang.Object, java.lang.Object, java.lang.Object)'> (0x0000000719224e60) 
thrown [s\open\src\hotspot\share\interpreter\linkResolver.cpp, line 773]
Event: 1.208 Thread 0x00000212c4862200 Exception <a 'java/lang/NoSuchMethodError'{0x00000007192e7fb8}: 'java.lang.Object java.lang.invoke.Invokers$Holder.invokeExact_MT(java.lang.Object, java.lang.Object, java.lang.Object, java.lang.Object, java.lang.Object, java.lang.Object)'> (0x00000007192e7fb8) 
thrown [s\open\src\hotspot\share\interpreter\linkResolver.cpp, line 773]
Event: 1.260 Thread 0x00000212b1273510 Exception <a 'java/lang/NoSuchMethodError'{0x00000007193b9538}: 'java.lang.Object java.lang.invoke.DirectMethodHandle$Holder.invokeStaticInit(java.lang.Object, int, int, int, int)'> (0x00000007193b9538) 
thrown [s\open\src\hotspot\share\interpreter\linkResolver.cpp, line 773]
Event: 1.280 Thread 0x00000212b1273510 Exception <a 'java/lang/NoSuchMethodError'{0x00000007193fb080}: 'java.lang.Object java.lang.invoke.DirectMethodHandle$Holder.invokeStaticInit(java.lang.Object, java.lang.Object, int, int, int, int)'> (0x00000007193fb080) 
thrown [s\open\src\hotspot\share\interpreter\linkResolver.cpp, line 773]
Event: 1.298 Thread 0x00000212b1273510 Exception <a 'java/lang/ClassNotFoundException'{0x000000071903c710}: javax/management/remote/rmi/RMIServerImpl_Skel> (0x000000071903c710) 
thrown [s\open\src\hotspot\share\classfile\systemDictionary.cpp, line 312]
Event: 1.316 Thread 0x00000212b1273510 Exception <a 'java/lang/NoSuchMethodError'{0x00000007190a76c8}: 'long java.lang.invoke.DirectMethodHandle$Holder.invokeSpecial(java.lang.Object, java.lang.Object)'> (0x00000007190a76c8) 
thrown [s\open\src\hotspot\share\interpreter\linkResolver.cpp, line 773]
Event: 1.317 Thread 0x00000212b1273510 Exception <a 'java/lang/NoSuchMethodError'{0x00000007190aad90}: 'long java.lang.invoke.Invokers$Holder.invokeExact_MT(java.lang.Object, java.lang.Object)'> (0x00000007190aad90) 
thrown [s\open\src\hotspot\share\interpreter\linkResolver.cpp, line 773]
Event: 1.323 Thread 0x00000212b1273510 Exception <a 'java/lang/NoSuchMethodError'{0x00000007190f4050}: 'void java.lang.invoke.DirectMethodHandle$Holder.invokeSpecial(java.lang.Object, java.lang.Object, java.lang.Object)'> (0x00000007190f4050) 
thrown [s\open\src\hotspot\share\interpreter\linkResolver.cpp, line 773]
Event: 1.378 Thread 0x00000212b1273510 Exception <a 'java/lang/NoSuchMethodError'{0x0000000718f9c528}: 'void java.lang.invoke.DirectMethodHandle$Holder.invokeStatic(java.lang.Object, java.lang.Object, java.lang.Object, java.lang.Object)'> (0x0000000718f9c528) 
thrown [s\open\src\hotspot\share\interpreter\linkResolver.cpp, line 773]
Event: 1.417 Thread 0x00000212b1273510 Exception <a 'java/lang/NoSuchMethodError'{0x0000000718d0a0d8}: 'int java.lang.invoke.DirectMethodHandle$Holder.invokeStaticInit(java.lang.Object, java.lang.Object)'> (0x0000000718d0a0d8) 
thrown [s\open\src\hotspot\share\interpreter\linkResolver.cpp, line 773]
Event: 1.453 Thread 0x00000212b1273510 Exception <a 'java/lang/NoSuchMethodError'{0x0000000718a7e8d0}: 'void java.lang.invoke.DirectMethodHandle$Holder.invokeInterface(java.lang.Object, java.lang.Object, java.lang.Object, java.lang.Object)'> (0x0000000718a7e8d0) 
thrown [s\open\src\hotspot\share\interpreter\linkResolver.cpp, line 773]
Event: 1.489 Thread 0x00000212b1273510 Exception <a 'java/lang/NoSuchMethodError'{0x000000071882a110}: 'java.lang.Object java.lang.invoke.DirectMethodHandle$Holder.invokeInterface(java.lang.Object, java.lang.Object)'> (0x000000071882a110) 
thrown [s\open\src\hotspot\share\interpreter\linkResolver.cpp, line 773]

ZGC Phase Switch (0 events):
No events

VM Operations (20 events):
Event: 0.769 Executing VM operation: HandshakeAllThreads (Deoptimize)
Event: 0.769 Executing VM operation: HandshakeAllThreads (Deoptimize) done
Event: 0.814 Executing VM operation: HandshakeAllThreads (Deoptimize)
Event: 0.814 Executing VM operation: HandshakeAllThreads (Deoptimize) done
Event: 0.838 Executing VM operation: HandshakeAllThreads (Deoptimize)
Event: 0.838 Executing VM operation: HandshakeAllThreads (Deoptimize) done
Event: 0.991 Executing VM operation: HandshakeAllThreads (Deoptimize)
Event: 0.991 Executing VM operation: HandshakeAllThreads (Deoptimize) done
Event: 1.013 Executing VM operation: HandshakeAllThreads (Deoptimize)
Event: 1.013 Executing VM operation: HandshakeAllThreads (Deoptimize) done
Event: 1.033 Executing VM operation: HandshakeAllThreads (Deoptimize)
Event: 1.034 Executing VM operation: HandshakeAllThreads (Deoptimize) done
Event: 1.134 Executing VM operation: G1CollectForAllocation (G1 Evacuation Pause)
Event: 1.139 Executing VM operation: G1CollectForAllocation (G1 Evacuation Pause) done
Event: 1.207 Executing VM operation: HandshakeAllThreads (Deoptimize)
Event: 1.207 Executing VM operation: HandshakeAllThreads (Deoptimize) done
Event: 1.216 Executing VM operation: HandshakeAllThreads (Deoptimize)
Event: 1.216 Executing VM operation: HandshakeAllThreads (Deoptimize) done
Event: 1.327 Executing VM operation: HandshakeAllThreads (Deoptimize)
Event: 1.327 Executing VM operation: HandshakeAllThreads (Deoptimize) done

Events (17 events):
Event: 0.031 Thread 0x00000212b1273510 Thread added: 0x00000212b1273510
Event: 0.050 Thread 0x00000212c485d370 Thread added: 0x00000212c485d370
Event: 0.050 Thread 0x00000212c485f0a0 Thread added: 0x00000212c485f0a0
Event: 0.050 Thread 0x00000212c485fdc0 Thread added: 0x00000212c485fdc0
Event: 0.050 Thread 0x00000212c4862200 Thread added: 0x00000212c4862200
Event: 0.050 Thread 0x00000212c4862e70 Thread added: 0x00000212c4862e70
Event: 0.051 Thread 0x00000212c4863e10 Thread added: 0x00000212c4863e10
Event: 0.051 Thread 0x00000212c4864ff0 Thread added: 0x00000212c4864ff0
Event: 0.221 Thread 0x00000212c48270e0 Thread added: 0x00000212c48270e0
Event: 0.253 Thread 0x00000212c4c45f30 Thread added: 0x00000212c4c45f30
Event: 0.276 Thread 0x00000212c4cbc630 Thread added: 0x00000212c4cbc630
Event: 0.276 Thread 0x00000212c4cd5600 Thread added: 0x00000212c4cd5600
Event: 0.276 Thread 0x00000212c4cd7c00 Thread added: 0x00000212c4cd7c00
Event: 0.790 Thread 0x000002130a388230 Thread added: 0x000002130a388230
Event: 0.792 Thread 0x000002130a3897c0 Thread added: 0x000002130a3897c0
Event: 0.982 Thread 0x000002130a570570 Thread added: 0x000002130a570570
Event: 1.313 Thread 0x000002130a758730 Thread added: 0x000002130a758730


Dynamic libraries:
0x00007ff68c1a0000 - 0x00007ff68c1b0000 	C:\Users\kenny\env\Java\jdk-21\bin\java.exe
0x00007fff6b5f0000 - 0x00007fff6b806000 	C:\WINDOWS\SYSTEM32\ntdll.dll
0x00007fff6a1d0000 - 0x00007fff6a294000 	C:\WINDOWS\System32\KERNEL32.DLL
0x00007fff68c80000 - 0x00007fff69026000 	C:\WINDOWS\System32\KERNELBASE.dll
0x00007fff690b0000 - 0x00007fff691c1000 	C:\WINDOWS\System32\ucrtbase.dll
0x00007fff59000000 - 0x00007fff5901b000 	C:\Users\kenny\env\Java\jdk-21\bin\VCRUNTIME140.dll
0x00007fff50d20000 - 0x00007fff50d39000 	C:\Users\kenny\env\Java\jdk-21\bin\jli.dll
0x00007fff6a640000 - 0x00007fff6a6f2000 	C:\WINDOWS\System32\ADVAPI32.dll
0x00007fff6a0e0000 - 0x00007fff6a187000 	C:\WINDOWS\System32\msvcrt.dll
0x00007fff69d00000 - 0x00007fff69da8000 	C:\WINDOWS\System32\sechost.dll
0x00007fff68b30000 - 0x00007fff68b58000 	C:\WINDOWS\System32\bcrypt.dll
0x00007fff6a700000 - 0x00007fff6a815000 	C:\WINDOWS\System32\RPCRT4.dll
0x00007fff6b400000 - 0x00007fff6b5ad000 	C:\WINDOWS\System32\USER32.dll
0x00007fff68a40000 - 0x00007fff68a66000 	C:\WINDOWS\System32\win32u.dll
0x00007fff69350000 - 0x00007fff69379000 	C:\WINDOWS\System32\GDI32.dll
0x00007fff571f0000 - 0x00007fff57483000 	C:\WINDOWS\WinSxS\amd64_microsoft.windows.common-controls_6595b64144ccf1df_6.0.22621.3235_none_270f74e173860f98\COMCTL32.dll
0x00007fff68b60000 - 0x00007fff68c78000 	C:\WINDOWS\System32\gdi32full.dll
0x00007fff689a0000 - 0x00007fff68a3a000 	C:\WINDOWS\System32\msvcp_win.dll
0x00007fff5df80000 - 0x00007fff5df8a000 	C:\WINDOWS\SYSTEM32\VERSION.dll
0x00007fff6a190000 - 0x00007fff6a1c1000 	C:\WINDOWS\System32\IMM32.DLL
0x00007fff65700000 - 0x00007fff6570c000 	C:\Users\kenny\env\Java\jdk-21\bin\vcruntime140_1.dll
0x00007fff48a60000 - 0x00007fff48aee000 	C:\Users\kenny\env\Java\jdk-21\bin\msvcp140.dll
0x00007ffefe7d0000 - 0x00007ffeff4e5000 	C:\Users\kenny\env\Java\jdk-21\bin\server\jvm.dll
0x00007fff6a5c0000 - 0x00007fff6a631000 	C:\WINDOWS\System32\WS2_32.dll
0x00007fff685a0000 - 0x00007fff685ed000 	C:\WINDOWS\SYSTEM32\POWRPROF.dll
0x00007fff614d0000 - 0x00007fff61504000 	C:\WINDOWS\SYSTEM32\WINMM.dll
0x00007fff683e0000 - 0x00007fff683f3000 	C:\WINDOWS\SYSTEM32\UMPDC.dll
0x00007fff67940000 - 0x00007fff67958000 	C:\WINDOWS\SYSTEM32\kernel.appcore.dll
0x00007fff5b070000 - 0x00007fff5b07a000 	C:\Users\kenny\env\Java\jdk-21\bin\jimage.dll
0x00007fff66420000 - 0x00007fff66653000 	C:\WINDOWS\SYSTEM32\DBGHELP.DLL
0x00007fff6b070000 - 0x00007fff6b3f8000 	C:\WINDOWS\System32\combase.dll
0x00007fff69fb0000 - 0x00007fff6a087000 	C:\WINDOWS\System32\OLEAUT32.dll
0x00007fff5b540000 - 0x00007fff5b572000 	C:\WINDOWS\SYSTEM32\dbgcore.DLL
0x00007fff69030000 - 0x00007fff690aa000 	C:\WINDOWS\System32\bcryptPrimitives.dll
0x00007fff59060000 - 0x00007fff5909c000 	C:\Users\kenny\env\Java\jdk-21\bin\jdwp.dll
0x00007fff58c10000 - 0x00007fff58c1f000 	C:\Users\kenny\env\Java\jdk-21\bin\instrument.dll
0x00007fff50d00000 - 0x00007fff50d1f000 	C:\Users\kenny\env\Java\jdk-21\bin\java.dll
0x00007fff4cf30000 - 0x00007fff4cf48000 	C:\Users\kenny\env\Java\jdk-21\bin\zip.dll
0x00007fff69380000 - 0x00007fff69bdd000 	C:\WINDOWS\System32\SHELL32.dll
0x00007fff66840000 - 0x00007fff67138000 	C:\WINDOWS\SYSTEM32\windows.storage.dll
0x00007fff66700000 - 0x00007fff6683e000 	C:\WINDOWS\SYSTEM32\wintypes.dll
0x00007fff69c00000 - 0x00007fff69cf3000 	C:\WINDOWS\System32\SHCORE.dll
0x00007fff69db0000 - 0x00007fff69e0e000 	C:\WINDOWS\System32\shlwapi.dll
0x00007fff68860000 - 0x00007fff68886000 	C:\WINDOWS\SYSTEM32\profapi.dll
0x00007fff65630000 - 0x00007fff6563c000 	C:\Users\kenny\env\Java\jdk-21\bin\dt_socket.dll
0x00007fff673a0000 - 0x00007fff673cd000 	C:\WINDOWS\SYSTEM32\IPHLPAPI.DLL
0x00007fff67dd0000 - 0x00007fff67e39000 	C:\WINDOWS\system32\mswsock.dll
0x00007fff5ae80000 - 0x00007fff5ae90000 	C:\Users\kenny\env\Java\jdk-21\bin\net.dll
0x00007fff61b80000 - 0x00007fff61cb7000 	C:\WINDOWS\SYSTEM32\WINHTTP.dll
0x00007fff50af0000 - 0x00007fff50b06000 	C:\Users\kenny\env\Java\jdk-21\bin\nio.dll
0x00007fff67410000 - 0x00007fff67509000 	C:\WINDOWS\SYSTEM32\DNSAPI.dll
0x00007fff69340000 - 0x00007fff69349000 	C:\WINDOWS\System32\NSI.dll
0x00007fff5ba70000 - 0x00007fff5ba7a000 	C:\Windows\System32\rasadhlp.dll
0x00007fff60330000 - 0x00007fff603b3000 	C:\WINDOWS\System32\fwpuclnt.dll
0x00007fff656a0000 - 0x00007fff656aa000 	C:\Users\kenny\env\Java\jdk-21\bin\management.dll
0x00007fff5bbf0000 - 0x00007fff5bbfb000 	C:\Users\kenny\env\Java\jdk-21\bin\management_ext.dll
0x00007fff6a0c0000 - 0x00007fff6a0c8000 	C:\WINDOWS\System32\PSAPI.DLL
0x00007fff68050000 - 0x00007fff6806b000 	C:\WINDOWS\SYSTEM32\CRYPTSP.dll
0x00007fff678a0000 - 0x00007fff678d5000 	C:\WINDOWS\system32\rsaenh.dll
0x00007fff67ee0000 - 0x00007fff67f0c000 	C:\WINDOWS\SYSTEM32\USERENV.dll
0x00007fff68040000 - 0x00007fff6804c000 	C:\WINDOWS\SYSTEM32\CRYPTBASE.dll
0x00007fff26110000 - 0x00007fff26127000 	C:\WINDOWS\system32\napinsp.dll
0x00007fff260f0000 - 0x00007fff2610b000 	C:\WINDOWS\system32\pnrpnsp.dll
0x00007fff260d0000 - 0x00007fff260e1000 	C:\WINDOWS\System32\winrnr.dll
0x00007fff610a0000 - 0x00007fff610b5000 	C:\WINDOWS\system32\wshbth.dll
0x00007fff28db0000 - 0x00007fff28dd1000 	C:\WINDOWS\system32\nlansp_c.dll
0x00007fff5aaf0000 - 0x00007fff5aaf7000 	C:\Users\kenny\env\Java\jdk-21\bin\extnet.dll

dbghelp: loaded successfully - version: 4.0.5 - missing functions: none
symbol engine: initialized successfully - sym options: 0x614 - pdb path: .;C:\Users\kenny\env\Java\jdk-21\bin;C:\WINDOWS\SYSTEM32;C:\WINDOWS\WinSxS\amd64_microsoft.windows.common-controls_6595b64144ccf1df_6.0.22621.3235_none_270f74e173860f98;C:\Users\kenny\env\Java\jdk-21\bin\server

VM Arguments:
jvm_args: -agentlib:jdwp=transport=dt_socket,address=127.0.0.1:11536,suspend=y,server=n -XX:TieredStopAtLevel=1 -Dspring.output.ansi.enabled=always -Dcom.sun.management.jmxremote -Dspring.jmx.enabled=true -Dspring.liveBeansView.mbeanDomain -Dspring.application.admin.enabled=true -Dmanagement.endpoints.jmx.exposure.include=* -javaagent:C:\Users\kenny\AppData\Local\JetBrains\IntelliJIdea2023.3\captureAgent\debugger-agent.jar=file:/C:/Users/kenny/AppData/Local/Temp/capture.props -Dfile.encoding=UTF-8 -Dsun.stdout.encoding=UTF-8 -Dsun.stderr.encoding=UTF-8 
java_command: com.example.configure.ConfigureApplication
java_class_path (initial): D:\workspace\projects\luban\configure\target\classes;C:\Users\kenny\.m2\repository\org\springframework\cloud\spring-cloud-starter-netflix-eureka-client\4.1.1\spring-cloud-starter-netflix-eureka-client-4.1.1.jar;C:\Users\kenny\.m2\repository\org\springframework\cloud\spring-cloud-starter\4.1.2\spring-cloud-starter-4.1.2.jar;C:\Users\kenny\.m2\repository\org\springframework\cloud\spring-cloud-context\4.1.2\spring-cloud-context-4.1.2.jar;C:\Users\kenny\.m2\repository\org\springframework\cloud\spring-cloud-commons\4.1.2\spring-cloud-commons-4.1.2.jar;C:\Users\kenny\.m2\repository\org\springframework\cloud\spring-cloud-netflix-eureka-client\4.1.1\spring-cloud-netflix-eureka-client-4.1.1.jar;C:\Users\kenny\.m2\repository\com\netflix\eureka\eureka-client\2.0.2\eureka-client-2.0.2.jar;C:\Users\kenny\.m2\repository\com\netflix\netflix-commons\netflix-eventbus\0.3.0\netflix-eventbus-0.3.0.jar;C:\Users\kenny\.m2\repository\com\netflix\netflix-commons\netflix-infix\0.3.0\netflix-infix-0.3.0.jar;C:\Users\kenny\.m2\repository\commons-jxpath\commons-jxpath\1.3\commons-jxpath-1.3.jar;C:\Users\kenny\.m2\repository\joda-time\joda-time\2.3\joda-time-2.3.jar;C:\Users\kenny\.m2\repository\org\antlr\antlr-runtime\3.4\antlr-runtime-3.4.jar;C:\Users\kenny\.m2\repository\org\antlr\stringtemplate\3.2.1\stringtemplate-3.2.1.jar;C:\Users\kenny\.m2\repository\antlr\antlr\2.7.7\antlr-2.7.7.jar;C:\Users\kenny\.m2\repository\com\google\code\gson\gson\2.10.1\gson-2.10.1.jar;C:\Users\kenny\.m2\repository\org\apache\commons\commons-math\2.2\commons-math-2.2.jar;C:\Users\kenny\.m2\repository\com\thoughtworks\xstream\xstream\1.4.19\xstream-1.4.19.jar;C:\Users\kenny\.m2\repository\io\github\x-stream\mxparser\1.2.2\mxparser-1.2.2.jar;C:\Users\kenny\.m2\repository\xmlpull\xmlpull\1.1.3.1\xmlpull-1.1.3.1.jar;C:\Users\kenny\.m2\repository\jakarta\ws\rs\jakarta.ws.rs-api\3.1.0\jakarta.ws.rs-api-3.1.0.jar;C:\Users\kenny\.m2\repository\jakarta\inject\jakarta.inject-api\2.0.1\jakarta.inject-api-2.0.1.jar;C:\Users\kenny\.m2\repository\jakarta\annotation\jakarta.annotation-api\2.1.1\jakarta.annotation-api-2.1.1.jar;C:\Users\kenny\.m2\repository\com\netflix\servo\servo-core\0.12.21\servo-core-0.12.21.jar;C:\Users\kenny\.m2\repository\com\google\guava\guava\19.0\guava-19.0.jar;C:\Users\kenny\.m2\repository\org\apache\httpcomponents\httpclient\4.5.3\httpclient-4.5.3.jar;C:\Users\kenny\.m2\repository\commons-codec\commons-codec\1.16.1\commons-codec-1.16.1.jar;C:\Users\kenny\.m2\repository\commons-configuration\commons-configuration\1.10\commons-configuration-1.10.jar;C:\Users\kenny\.m2\repository\commons-lang\commons-lang\2.6\commons-lang-2.6.jar;C:\Users\kenny\.m2\repository\com\fasterxml\jackson\core\jackson-annotations\2.15.4\jackson-annotations-2.15.4.jar;C:\Users\kenny\.m2\repository\com\fasterxml\jackson\core\jackson-core\2.15.4\jackson-core-2.15.4.jar;C:\Users\kenny\.m2\repository\com\fasterxml\jackson\core\jackson-databind\2.15.4\jackson-databind-2.15.4.jar;C:\Users\kenny\.m2\repository\org\codehaus\jettison\jettison\1.5.4\jettison-1.5.4.jar;C:\Users\kenny\.m2\repository\com\netflix\eureka\eureka-core\2.0.2\eureka-core-2.0.2.jar;C:\Users\kenny\.m2\repository\com\fasterxml\woodstox\woodstox-core\6.2.1\woodstox-core-6.2.1.jar;C:\Users\kenny\.m2\repository\org\codehaus\woodstox\stax2-api\4.2.1\stax2-api-4.2.1.jar;C:\Users\kenny\.m2\repository\org\springframework\cloud\spring-cloud-starter-loadbalancer\4.1.2\spring-cloud-starter-loadbalancer-4.1.2.jar;C:\Users\kenny\.m2\repository\org\springframework\cloud\spring-cloud-loadbalancer\4.1.2\spring-cloud-loadbalancer-4.1.2.jar;C:\Users\kenny\.m2\repository\io\projectreactor\reactor-core\3.6.4\reactor-core-3.6.4.jar;C:\Users\kenny\.m2\repository\org\reactivestreams\reactive-streams\1.0.4\reactive-streams-1.0.4.jar;C:\Users\kenny\.m2\repository\io\projectreactor\addons\reactor-extra\3.5.1\reactor-extra-3.5.1.jar;C:\Users\kenny\.m2\repository\org\springframework\boot\spring-boot-starter-cache\3.2.4\spring-boot-starter-cache-3.2.4.jar;C:\Users\kenny\.m2\repository\org\springframework\spring-context-support\6.1.5\spring-context-support-6.1.5.jar;C:\Users\kenny\.m2\repository\com\stoyanr\evictor\1.0.0\evictor-1.0.0.jar;C:\Users\kenny\.m2\repository\org\springframework\cloud\spring-cloud-starter-bus-amqp\4.1.1\spring-cloud-starter-bus-amqp-4.1.1.jar;C:\Users\kenny\.m2\repository\org\springframework\cloud\spring-cloud-starter-stream-rabbit\4.1.1\spring-cloud-starter-stream-rabbit-4.1.1.jar;C:\Users\kenny\.m2\repository\org\springframework\cloud\spring-cloud-stream-binder-rabbit\4.1.1\spring-cloud-stream-binder-rabbit-4.1.1.jar;C:\Users\kenny\.m2\repository\org\springframework\cloud\spring-cloud-stream-binder-rabbit-core\4.1.1\spring-cloud-stream-binder-rabbit-core-4.1.1.jar;C:\Users\kenny\.m2\repository\org\springframework\boot\spring-boot-starter-webflux\3.2.4\spring-boot-starter-webflux-3.2.4.jar;C:\Users\kenny\.m2\repository\org\springframework\boot\spring-boot-starter-reactor-netty\3.2.4\spring-boot-starter-reactor-netty-3.2.4.jar;C:\Users\kenny\.m2\repository\org\springframework\spring-webflux\6.1.5\spring-webflux-6.1.5.jar;C:\Users\kenny\.m2\repository\io\projectreactor\netty\reactor-netty\1.1.17\reactor-netty-1.1.17.jar;C:\Users\kenny\.m2\repository\io\projectreactor\netty\reactor-netty-core\1.1.17\reactor-netty-core-1.1.17.jar;C:\Users\kenny\.m2\repository\io\netty\netty-handler\4.1.107.Final\netty-handler-4.1.107.Final.jar;C:\Users\kenny\.m2\repository\io\netty\netty-common\4.1.107.Final\netty-common-4.1.107.Final.jar;C:\Users\kenny\.m2\repository\io\netty\netty-resolver\4.1.107.Final\netty-resolver-4.1.107.Final.jar;C:\Users\kenny\.m2\repository\io\netty\netty-buffer\4.1.107.Final\netty-buffer-4.1.107.Final.jar;C:\Users\kenny\.m2\repository\io\netty\netty-transport\4.1.107.Final\netty-transport-4.1.107.Final.jar;C:\Users\kenny\.m2\repository\io\netty\netty-transport-native-unix-common\4.1.107.Final\netty-transport-native-unix-common-4.1.107.Final.jar;C:\Users\kenny\.m2\repository\io\netty\netty-codec\4.1.107.Final\netty-codec-4.1.107.Final.jar;C:\Users\kenny\.m2\repository\io\netty\netty-handler-proxy\4.1.107.Final\netty-handler-proxy-4.1.107.Final.jar;C:\Users\kenny\.m2\repository\io\netty\netty-codec-socks\4.1.107.Final\netty-codec-socks-4.1.107.Final.jar;C:\Users\kenny\.m2\repository\io\netty\netty-resolver-dns\4.1.107.Final\netty-resolver-dns-4.1.107.Final.jar;C:\Users\kenny\.m2\repository\io\netty\netty-codec-dns\4.1.107.Final\netty-codec-dns-4.1.107.Final.jar;C:\Users\kenny\.m2\repository\io\netty\netty-resolver-dns-native-macos\4.1.107.Final\netty-resolver-dns-native-macos-4.1.107.Final-osx-x86_64.jar;C:\Users\kenny\.m2\repository\io\netty\netty-resolver-dns-classes-macos\4.1.107.Final\netty-resolver-dns-classes-macos-4.1.107.Final.jar;C:\Users\kenny\.m2\repository\io\netty\netty-transport-native-epoll\4.1.107.Final\netty-transport-native-epoll-4.1.107.Final-linux-x86_64.jar;C:\Users\kenny\.m2\repository\io\netty\netty-transport-classes-epoll\4.1.107.Final\netty-transport-classes-epoll-4.1.107.Final.jar;C:\Users\kenny\.m2\repository\io\projectreactor\netty\reactor-netty-http\1.1.17\reactor-netty-http-1.1.17.jar;C:\Users\kenny\.m2\repository\io\netty\netty-codec-http\4.1.107.Final\netty-codec-http-4.1.107.Final.jar;C:\Users\kenny\.m2\repository\io\netty\netty-codec-http2\4.1.107.Final\netty-codec-http2-4.1.107.Final.jar;C:\Users\kenny\.m2\repository\io\projectreactor\netty\incubator\reactor-netty-incubator-quic\0.1.17\reactor-netty-incubator-quic-0.1.17.jar;C:\Users\kenny\.m2\repository\io\netty\incubator\netty-incubator-codec-native-quic\0.0.59.Final\netty-incubator-codec-native-quic-0.0.59.Final-linux-x86_64.jar;C:\Users\kenny\.m2\repository\io\netty\incubator\netty-incubator-codec-classes-quic\0.0.59.Final\netty-incubator-codec-classes-quic-0.0.59.Final.jar;C:\Users\kenny\.m2\repository\org\springframework\cloud\spring-cloud-stream\4.1.1\spring-cloud-stream-4.1.1.jar;C:\Users\kenny\.m2\repository\org\springframework\cloud\spring-cloud-function-context\4.1.1\spring-cloud-function-context-4.1.1.jar;C:\Users\kenny\.m2\repository\net\jodah\typetools\0.6.2\typetools-0.6.2.jar;C:\Users\kenny\.m2\repository\org\springframework\cloud\spring-cloud-function-core\4.1.1\spring-cloud-function-core-4.1.1.jar;C:\Users\kenny\.m2\repository\org\jetbrains\kotlin\kotlin-stdlib-jdk8\1.9.23\kotlin-stdlib-jdk8-1.9.23.jar;C:\Users\kenny\.m2\repository\org\jetbrains\kotlin\kotlin-stdlib\1.9.23\kotlin-stdlib-1.9.23.jar;C:\Users\kenny\.m2\repository\org\jetbrains\annotations\13.0\annotations-13.0.jar;C:\Users\kenny\.m2\repository\org\jetbrains\kotlin\kotlin-stdlib-jdk7\1.9.23\kotlin-stdlib-jdk7-1.9.23.jar;C:\Users\kenny\.m2\repository\org\springframework\boot\spring-boot-starter-amqp\3.2.4\spring-boot-starter-amqp-3.2.4.jar;C:\Users\kenny\.m2\repository\org\springframework\amqp\spring-rabbit\3.1.3\spring-rabbit-3.1.3.jar;C:\Users\kenny\.m2\repository\org\springframework\amqp\spring-amqp\3.1.3\spring-amqp-3.1.3.jar;C:\Users\kenny\.m2\repository\com\rabbitmq\amqp-client\5.19.0\amqp-client-5.19.0.jar;C:\Users\kenny\.m2\repository\org\springframework\integration\spring-integration-amqp\6.2.3\spring-integration-amqp-6.2.3.jar;C:\Users\kenny\.m2\repository\org\springframework\integration\spring-integration-jmx\6.2.3\spring-integration-jmx-6.2.3.jar;C:\Users\kenny\.m2\repository\org\springframework\cloud\spring-cloud-bus\4.1.1\spring-cloud-bus-4.1.1.jar;C:\Users\kenny\.m2\repository\org\springframework\integration\spring-integration-core\6.2.3\spring-integration-core-6.2.3.jar;C:\Users\kenny\.m2\repository\org\springframework\spring-aop\6.1.5\spring-aop-6.1.5.jar;C:\Users\kenny\.m2\repository\org\springframework\spring-context\6.1.5\spring-context-6.1.5.jar;C:\Users\kenny\.m2\repository\org\springframework\spring-tx\6.1.5\spring-tx-6.1.5.jar;C:\Users\kenny\.m2\repository\org\springframework\retry\spring-retry\2.0.5\spring-retry-2.0.5.jar;C:\Users\kenny\.m2\repository\org\springframework\cloud\spring-cloud-config-server\4.1.1\spring-cloud-config-server-4.1.1.jar;C:\Users\kenny\.m2\repository\org\springframework\cloud\spring-cloud-config-client\4.1.1\spring-cloud-config-client-4.1.1.jar;C:\Users\kenny\.m2\repository\org\springframework\boot\spring-boot-autoconfigure\3.2.4\spring-boot-autoconfigure-3.2.4.jar;C:\Users\kenny\.m2\repository\org\springframework\spring-web\6.1.5\spring-web-6.1.5.jar;C:\Users\kenny\.m2\repository\org\springframework\spring-beans\6.1.5\spring-beans-6.1.5.jar;C:\Users\kenny\.m2\repository\io\micrometer\micrometer-observation\1.12.4\micrometer-observation-1.12.4.jar;C:\Users\kenny\.m2\repository\io\micrometer\micrometer-commons\1.12.4\micrometer-commons-1.12.4.jar;C:\Users\kenny\.m2\repository\org\springframework\boot\spring-boot-starter-web\3.2.4\spring-boot-starter-web-3.2.4.jar;C:\Users\kenny\.m2\repository\org\springframework\boot\spring-boot-starter-json\3.2.4\spring-boot-starter-json-3.2.4.jar;C:\Users\kenny\.m2\repository\com\fasterxml\jackson\datatype\jackson-datatype-jdk8\2.15.4\jackson-datatype-jdk8-2.15.4.jar;C:\Users\kenny\.m2\repository\com\fasterxml\jackson\datatype\jackson-datatype-jsr310\2.15.4\jackson-datatype-jsr310-2.15.4.jar;C:\Users\kenny\.m2\repository\com\fasterxml\jackson\module\jackson-module-parameter-names\2.15.4\jackson-module-parameter-names-2.15.4.jar;C:\Users\kenny\.m2\repository\org\springframework\boot\spring-boot-starter-tomcat\3.2.4\spring-boot-starter-tomcat-3.2.4.jar;C:\Users\kenny\.m2\repository\org\apache\tomcat\embed\tomcat-embed-core\10.1.19\tomcat-embed-core-10.1.19.jar;C:\Users\kenny\.m2\repository\org\apache\tomcat\embed\tomcat-embed-websocket\10.1.19\tomcat-embed-websocket-10.1.19.jar;C:\Users\kenny\.m2\repository\org\springframework\spring-webmvc\6.1.5\spring-webmvc-6.1.5.jar;C:\Users\kenny\.m2\repository\org\springframework\spring-expression\6.1.5\spring-expression-6.1.5.jar;C:\Users\kenny\.m2\repository\org\springframework\boot\spring-boot-starter-validation\3.2.4\spring-boot-starter-validation-3.2.4.jar;C:\Users\kenny\.m2\repository\org\apache\tomcat\embed\tomcat-embed-el\10.1.19\tomcat-embed-el-10.1.19.jar;C:\Users\kenny\.m2\repository\org\hibernate\validator\hibernate-validator\8.0.1.Final\hibernate-validator-8.0.1.Final.jar;C:\Users\kenny\.m2\repository\jakarta\validation\jakarta.validation-api\3.0.2\jakarta.validation-api-3.0.2.jar;C:\Users\kenny\.m2\repository\org\jboss\logging\jboss-logging\3.5.3.Final\jboss-logging-3.5.3.Final.jar;C:\Users\kenny\.m2\repository\com\fasterxml\classmate\1.6.0\classmate-1.6.0.jar;C:\Users\kenny\.m2\repository\org\springframework\security\spring-security-crypto\6.2.3\spring-security-crypto-6.2.3.jar;C:\Users\kenny\.m2\repository\org\springframework\security\spring-security-rsa\1.1.2\spring-security-rsa-1.1.2.jar;C:\Users\kenny\.m2\repository\org\bouncycastle\bcprov-jdk18on\1.77\bcprov-jdk18on-1.77.jar;C:\Users\kenny\.m2\repository\org\apache\httpcomponents\client5\httpclient5\5.2.3\httpclient5-5.2.3.jar;C:\Users\kenny\.m2\repository\org\apache\httpcomponents\core5\httpcore5\5.2.4\httpcore5-5.2.4.jar;C:\Users\kenny\.m2\repository\org\apache\httpcomponents\core5\httpcore5-h2\5.2.4\httpcore5-h2-5.2.4.jar;C:\Users\kenny\.m2\repository\org\slf4j\slf4j-api\2.0.12\slf4j-api-2.0.12.jar;C:\Users\kenny\.m2\repository\org\eclipse\jgit\org.eclipse.jgit\6.6.1.202309021850-r\org.eclipse.jgit-6.6.1.202309021850-r.jar;C:\Users\kenny\.m2\repository\com\googlecode\javaewah\JavaEWAH\1.2.3\JavaEWAH-1.2.3.jar;C:\Users\kenny\.m2\repository\org\eclipse\jgit\org.eclipse.jgit.http.apache\6.6.1.202309021850-r\org.eclipse.jgit.http.apache-6.6.1.202309021850-r.jar;C:\Users\kenny\.m2\repository\org\apache\httpcomponents\httpcore\4.4.16\httpcore-4.4.16.jar;C:\Users\kenny\.m2\repository\org\eclipse\jgit\org.eclipse.jgit.ssh.apache\6.6.1.202309021850-r\org.eclipse.jgit.ssh.apache-6.6.1.202309021850-r.jar;C:\Users\kenny\.m2\repository\org\apache\sshd\sshd-osgi\2.10.0\sshd-osgi-2.10.0.jar;C:\Users\kenny\.m2\repository\org\slf4j\jcl-over-slf4j\2.0.12\jcl-over-slf4j-2.0.12.jar;C:\Users\kenny\.m2\repository\org\apache\sshd\sshd-sftp\2.10.0\sshd-sftp-2.10.0.jar;C:\Users\kenny\.m2\repository\net\i2p\crypto\eddsa\0.3.0\eddsa-0.3.0.jar;C:\Users\kenny\.m2\repository\org\yaml\snakeyaml\2.2\snakeyaml-2.2.jar;C:\Users\kenny\.m2\repository\com\fasterxml\jackson\dataformat\jackson-dataformat-yaml\2.15.4\jackson-dataformat-yaml-2.15.4.jar;C:\Users\kenny\.m2\repository\org\springframework\boot\spring-boot-starter\3.2.4\spring-boot-starter-3.2.4.jar;C:\Users\kenny\.m2\repository\org\springframework\boot\spring-boot\3.2.4\spring-boot-3.2.4.jar;C:\Users\kenny\.m2\repository\org\springframework\boot\spring-boot-starter-logging\3.2.4\spring-boot-starter-logging-3.2.4.jar;C:\Users\kenny\.m2\repository\ch\qos\logback\logback-classic\1.4.14\logback-classic-1.4.14.jar;C:\Users\kenny\.m2\repository\ch\qos\logback\logback-core\1.4.14\logback-core-1.4.14.jar;C:\Users\kenny\.m2\repository\org\apache\logging\log4j\log4j-to-slf4j\2.21.1\log4j-to-slf4j-2.21.1.jar;C:\Users\kenny\.m2\repository\org\apache\logging\log4j\log4j-api\2.21.1\log4j-api-2.21.1.jar;C:\Users\kenny\.m2\repository\org\slf4j\jul-to-slf4j\2.0.12\jul-to-slf4j-2.0.12.jar;C:\Users\kenny\.m2\repository\org\springframework\spring-core\6.1.5\spring-core-6.1.5.jar;C:\Users\kenny\.m2\repository\org\springframework\spring-jcl\6.1.5\spring-jcl-6.1.5.jar;D:\Program Files\JetBrains\IntelliJ IDEA 2023.3.4\lib\idea_rt.jar
Launcher Type: SUN_STANDARD

[Global flags]
     intx CICompilerCount                          = 12                                        {product} {ergonomic}
     uint ConcGCThreads                            = 3                                         {product} {ergonomic}
     uint G1ConcRefinementThreads                  = 13                                        {product} {ergonomic}
   size_t G1HeapRegionSize                         = 2097152                                   {product} {ergonomic}
    uintx GCDrainStackTargetSize                   = 64                                        {product} {ergonomic}
   size_t InitialHeapSize                          = 257949696                                 {product} {ergonomic}
     bool ManagementServer                         = true                                      {product} {command line}
   size_t MarkStackSize                            = 4194304                                   {product} {ergonomic}
   size_t MaxHeapSize                              = 4125097984                                {product} {ergonomic}
   size_t MaxNewSize                               = 2474639360                                {product} {ergonomic}
   size_t MinHeapDeltaBytes                        = 2097152                                   {product} {ergonomic}
   size_t MinHeapSize                              = 8388608                                   {product} {ergonomic}
    uintx NonNMethodCodeHeapSize                   = 4096                                   {pd product} {ergonomic}
    uintx NonProfiledCodeHeapSize                  = 0                                      {pd product} {ergonomic}
     bool ProfileInterpreter                       = false                                  {pd product} {command line}
    uintx ProfiledCodeHeapSize                     = 0                                      {pd product} {ergonomic}
   size_t SoftMaxHeapSize                          = 4125097984                             {manageable} {ergonomic}
     intx TieredStopAtLevel                        = 1                                         {product} {command line}
     bool UseCompressedOops                        = true                           {product lp64_product} {ergonomic}
     bool UseG1GC                                  = true                                      {product} {ergonomic}
     bool UseLargePagesIndividualAllocation        = false                                  {pd product} {ergonomic}

Logging:
Log output configuration:
 #0: stdout all=warning uptime,level,tags foldmultilines=false
 #1: stderr all=off uptime,level,tags foldmultilines=false

Environment Variables:
PATH=C:\Program Files\Common Files\Oracle\Java\javapath;C:\WINDOWS\system32;C:\WINDOWS;C:\WINDOWS\System32\Wbem;C:\WINDOWS\System32\WindowsPowerShell\v1.0\;C:\WINDOWS\System32\OpenSSH\;C:\Program Files\Git\cmd;C:\Program Files\Docker\Docker\resources\bin;C:\Users\kenny\AppData\Local\Microsoft\WindowsApps;;D:\Program Files\JetBrains\IntelliJ IDEA 2023.3.4\bin;
USERNAME=kenny
OS=Windows_NT
PROCESSOR_IDENTIFIER=AMD64 Family 23 Model 96 Stepping 1, AuthenticAMD
TMP=C:\Users\kenny\AppData\Local\Temp
TEMP=C:\Users\kenny\AppData\Local\Temp




Periodic native trim disabled

---------------  S Y S T E M  ---------------

OS:
 Windows 11 , 64 bit Build 22621 (10.0.22621.3235)
OS uptime: 8 days 4:10 hours
Hyper-V role detected

CPU: total 16 (initial active 16) (16 cores per cpu, 2 threads per core) family 23 model 96 stepping 1 microcode 0x0, cx8, cmov, fxsr, ht, mmx, 3dnowpref, sse, sse2, sse3, ssse3, sse4a, sse4.1, sse4.2, popcnt, lzcnt, tsc, tscinvbit, avx, avx2, aes, clmul, bmi1, bmi2, adx, sha, fma, vzeroupper, clflush, clflushopt, hv, rdtscp, rdpid, f16c
Processor Information for all 16 processors :
  Max Mhz: 2900, Current Mhz: 2900, Mhz Limit: 2900

Memory: 4k page, system-wide physical 15734M (899M free)
TotalPageFile size 32011M (AvailPageFile size 4M)
current process WorkingSet (physical memory assigned to process): 86M, peak: 86M
current process commit charge ("private bytes"): 359M, peak: 360M

vm_info: Java HotSpot(TM) 64-Bit Server VM (21.0.1+12-LTS-29) for windows-amd64 JRE (21.0.1+12-LTS-29), built on 2023-10-05T13:27:09Z by "mach5one" with MS VC++ 17.1 (VS2022)

END.
